<?xml version="1.0" encoding="UTF-8"?>
<testsuite xmlns:xsi="http://www.w3.org/2001/XMLSchema-instance" xsi:noNamespaceSchemaLocation="https://maven.apache.org/surefire/maven-surefire-plugin/xsd/surefire-test-report.xsd" name="com.miamioh.RegisterTaxiClient.RegisterTaxiClientApplicationTests" time="0.249" tests="1" errors="1" skipped="0" failures="0">
  <properties>
[...]
</properties>
  <testcase name="initializationError" classname="com.miamioh.RegisterTaxiClient.RegisterTaxiClientApplicationTests" time="0.004">
    <error message="Unable to find a @SpringBootConfiguration, you need to use @ContextConfiguration or @SpringBootTest(classes=...) with your test" type="java.lang.IllegalStateException">java.lang.IllegalStateException: Unable to find a @SpringBootConfiguration, you need to use @ContextConfiguration or @SpringBootTest(classes=...) with your test
</error>
    <system-out><![CDATA[15:31:55.269 [main] DEBUG org.springframework.test.context.junit4.SpringJUnit4ClassRunner - SpringJUnit4ClassRunner constructor called with [class com.miamioh.RegisterTaxiClient.RegisterTaxiClientApplicationTests]
15:31:55.274 [main] DEBUG org.springframework.test.context.BootstrapUtils - Instantiating CacheAwareContextLoaderDelegate from class [org.springframework.test.context.cache.DefaultCacheAwareContextLoaderDelegate]
15:31:55.280 [main] DEBUG org.springframework.test.context.BootstrapUtils - Instantiating BootstrapContext using constructor [public org.springframework.test.context.support.DefaultBootstrapContext(java.lang.Class,org.springframework.test.context.CacheAwareContextLoaderDelegate)]
15:31:55.296 [main] DEBUG org.springframework.test.context.BootstrapUtils - Instantiating TestContextBootstrapper for test class [com.miamioh.RegisterTaxiClient.RegisterTaxiClientApplicationTests] from class [org.springframework.boot.test.context.SpringBootTestContextBootstrapper]
15:31:55.305 [main] INFO org.springframework.boot.test.context.SpringBootTestContextBootstrapper - Neither @ContextConfiguration nor @ContextHierarchy found for test class [com.miamioh.RegisterTaxiClient.RegisterTaxiClientApplicationTests], using SpringBootContextLoader
15:31:55.307 [main] DEBUG org.springframework.test.context.support.AbstractContextLoader - Did not detect default resource location for test class [com.miamioh.RegisterTaxiClient.RegisterTaxiClientApplicationTests]: class path resource [com/miamioh/RegisterTaxiClient/RegisterTaxiClientApplicationTests-context.xml] does not exist
15:31:55.308 [main] DEBUG org.springframework.test.context.support.AbstractContextLoader - Did not detect default resource location for test class [com.miamioh.RegisterTaxiClient.RegisterTaxiClientApplicationTests]: class path resource [com/miamioh/RegisterTaxiClient/RegisterTaxiClientApplicationTestsContext.groovy] does not exist
15:31:55.308 [main] INFO org.springframework.test.context.support.AbstractContextLoader - Could not detect default resource locations for test class [com.miamioh.RegisterTaxiClient.RegisterTaxiClientApplicationTests]: no resource found for suffixes {-context.xml, Context.groovy}.
15:31:55.308 [main] INFO org.springframework.test.context.support.AnnotationConfigContextLoaderUtils - Could not detect default configuration classes for test class [com.miamioh.RegisterTaxiClient.RegisterTaxiClientApplicationTests]: RegisterTaxiClientApplicationTests does not declare any static, non-private, non-final, nested classes annotated with @Configuration.
15:31:55.337 [main] DEBUG org.springframework.test.context.support.ActiveProfilesUtils - Could not find an 'annotation declaring class' for annotation type [org.springframework.test.context.ActiveProfiles] and class [com.miamioh.RegisterTaxiClient.RegisterTaxiClientApplicationTests]
]]></system-out>
  </testcase>
</testsuite>